Performing C SOURCE FILE Test CMAKE_HAVE_LIBC_PTHREAD failed with the following output:
Change Dir: /root/miniob/build/CMakeFiles/CMakeTmp

Run Build Command(s):/usr/bin/make -f Makefile cmTC_e1d8f/fast && /usr/bin/make  -f CMakeFiles/cmTC_e1d8f.dir/build.make CMakeFiles/cmTC_e1d8f.dir/build
make[1]: Entering directory '/root/miniob/build/CMakeFiles/CMakeTmp'
Building C object CMakeFiles/cmTC_e1d8f.dir/src.c.o
/usr/bin/cc -DCMAKE_HAVE_LIBC_PTHREAD  -Wall -DCMAKE_EXPORT_COMPILE_COMMANDS=1  -O2 -g   -o CMakeFiles/cmTC_e1d8f.dir/src.c.o -c /root/miniob/build/CMakeFiles/CMakeTmp/src.c
Linking C executable cmTC_e1d8f
/usr/local/bin/cmake/bin/cmake -E cmake_link_script CMakeFiles/cmTC_e1d8f.dir/link.txt --verbose=1
/usr/bin/cc  -Wall -DCMAKE_EXPORT_COMPILE_COMMANDS=1  -O2 -g   CMakeFiles/cmTC_e1d8f.dir/src.c.o -o cmTC_e1d8f 
CMakeFiles/cmTC_e1d8f.dir/src.c.o: In function `main':
/root/miniob/build/CMakeFiles/CMakeTmp/src.c:11: undefined reference to `pthread_create'
/root/miniob/build/CMakeFiles/CMakeTmp/src.c:12: undefined reference to `pthread_detach'
/root/miniob/build/CMakeFiles/CMakeTmp/src.c:13: undefined reference to `pthread_cancel'
/root/miniob/build/CMakeFiles/CMakeTmp/src.c:14: undefined reference to `pthread_join'
/root/miniob/build/CMakeFiles/CMakeTmp/src.c:15: undefined reference to `pthread_atfork'
collect2: error: ld returned 1 exit status
CMakeFiles/cmTC_e1d8f.dir/build.make:98: recipe for target 'cmTC_e1d8f' failed
make[1]: *** [cmTC_e1d8f] Error 1
make[1]: Leaving directory '/root/miniob/build/CMakeFiles/CMakeTmp'
Makefile:127: recipe for target 'cmTC_e1d8f/fast' failed
make: *** [cmTC_e1d8f/fast] Error 2


Source file was:
#include <pthread.h>

static void* test_func(void* data)
{
  return data;
}

int main(void)
{
  pthread_t thread;
  pthread_create(&thread, NULL, test_func, NULL);
  pthread_detach(thread);
  pthread_cancel(thread);
  pthread_join(thread, NULL);
  pthread_atfork(NULL, NULL, NULL);
  pthread_exit(NULL);

  return 0;
}

Determining if the function pthread_create exists in the pthreads failed with the following output:
Change Dir: /root/miniob/build/CMakeFiles/CMakeTmp

Run Build Command(s):/usr/bin/make -f Makefile cmTC_fbe98/fast && /usr/bin/make  -f CMakeFiles/cmTC_fbe98.dir/build.make CMakeFiles/cmTC_fbe98.dir/build
make[1]: Entering directory '/root/miniob/build/CMakeFiles/CMakeTmp'
Building C object CMakeFiles/cmTC_fbe98.dir/CheckFunctionExists.c.o
/usr/bin/cc   -Wall -DCMAKE_EXPORT_COMPILE_COMMANDS=1  -O2 -g  -DCHECK_FUNCTION_EXISTS=pthread_create -o CMakeFiles/cmTC_fbe98.dir/CheckFunctionExists.c.o -c /usr/local/bin/cmake/share/cmake-3.20/Modules/CheckFunctionExists.c
Linking C executable cmTC_fbe98
/usr/local/bin/cmake/bin/cmake -E cmake_link_script CMakeFiles/cmTC_fbe98.dir/link.txt --verbose=1
/usr/bin/cc  -Wall -DCMAKE_EXPORT_COMPILE_COMMANDS=1  -O2 -g  -DCHECK_FUNCTION_EXISTS=pthread_create CMakeFiles/cmTC_fbe98.dir/CheckFunctionExists.c.o -o cmTC_fbe98  -lpthreads 
/usr/bin/ld: cannot find -lpthreads
collect2: error: ld returned 1 exit status
CMakeFiles/cmTC_fbe98.dir/build.make:98: recipe for target 'cmTC_fbe98' failed
make[1]: *** [cmTC_fbe98] Error 1
make[1]: Leaving directory '/root/miniob/build/CMakeFiles/CMakeTmp'
Makefile:127: recipe for target 'cmTC_fbe98/fast' failed
make: *** [cmTC_fbe98/fast] Error 2



