Terminals unused in grammar

    PATH
    STRING_V
    Column
    GR


Grammar

    0 $accept: commands $end

    1 commands: %empty
    2         | commands command

    3 command: select
    4        | insert
    5        | update
    6        | delete
    7        | create_table
    8        | drop_table
    9        | show_tables
   10        | desc_table
   11        | create_index
   12        | drop_index
   13        | sync
   14        | begin
   15        | commit
   16        | rollback
   17        | load_data
   18        | help
   19        | exit

   20 exit: EXIT SEMICOLON

   21 help: HELP SEMICOLON

   22 sync: SYNC SEMICOLON

   23 begin: TRX_BEGIN SEMICOLON

   24 commit: TRX_COMMIT SEMICOLON

   25 rollback: TRX_ROLLBACK SEMICOLON

   26 drop_table: DROP TABLE ID SEMICOLON

   27 show_tables: SHOW TABLES SEMICOLON

   28 desc_table: DESC ID SEMICOLON

   29 create_index: CREATE INDEX ID ON ID LBRACE Column_def Column_list RBRACE SEMICOLON
   30             | CREATE UNIQUE INDEX ID ON ID LBRACE Column_def Column_list RBRACE SEMICOLON

   31 Column_list: %empty
   32            | COMMA Column_def Column_list

   33 Column_def: %empty
   34           | ID

   35 drop_index: DROP INDEX ID SEMICOLON

   36 create_table: CREATE TABLE ID LBRACE attr_def attr_def_list RBRACE SEMICOLON

   37 attr_def_list: %empty
   38              | COMMA attr_def attr_def_list

   39 attr_def: ID_get type LBRACE number RBRACE opt_null
   40         | ID_get type opt_null

   41 opt_null: %empty
   42         | NOT NULL_T
   43         | NULLABLE

   44 number: NUMBER

   45 type: INT_T
   46     | STRING_T
   47     | FLOAT_T
   48     | DATE_T
   49     | TEXT_T

   50 ID_get: ID

   51 insert: INSERT INTO ID_get VALUES multi_values SEMICOLON

   52 multi_values: LBRACE value value_list RBRACE
   53             | multi_values COMMA LBRACE value value_list RBRACE

   54 value_list: %empty
   55           | COMMA value value_list

   56 value: NUMBER
   57      | FLOAT
   58      | NULL_T
   59      | SSS

   60 delete: DELETE FROM ID where SEMICOLON

   61 update: UPDATE ID SET ID EQ value where SEMICOLON

   62 select: SELECT select_attr from_rel join_list where group_by order_by SEMICOLON

   63 select_attr: STAR
   64            | select_param attr_list

   65 select_param: window_function
   66             | expression

   67 expression: exp exp_list
   68           | minus exp exp_list

   69 exp_list: %empty
   70         | op exp exp_list

   71 exp: id_type
   72    | value
   73    | lbrace_list id_type
   74    | lbrace_list value
   75    | id_type rbrace_list
   76    | value rbrace_list
   77    | lbrace_list id_type rbrace_list
   78    | lbrace_list value rbrace_list

   79 lbrace_list: LBRACE
   80            | lbrace_list LBRACE

   81 rbrace_list: RBRACE
   82            | rbrace_list RBRACE

   83 minus: '-'

   84 op: STAR
   85   | PLUS
   86   | minus
   87   | DIV

   88 id_type: ID
   89        | ID DOT ID
   90        | ID DOT STAR

   91 attr_list: %empty
   92          | COMMA select_param attr_list

   93 join_list: %empty
   94          | INNER JOIN ID on join_list

   95 window_function: COUNT LBRACE opt_star RBRACE
   96                | COUNT LBRACE ID DOT ID RBRACE
   97                | COUNT LBRACE ID DOT STAR RBRACE
   98                | OTHER_FUNCTION_TYPE LBRACE ID RBRACE
   99                | OTHER_FUNCTION_TYPE LBRACE ID DOT ID RBRACE
  100                | OTHER_FUNCTION_TYPE LBRACE ID DOT STAR RBRACE

  101 opt_star: STAR
  102         | NUMBER
  103         | ID

  104 from_rel: FROM ID rel_list

  105 rel_list: %empty
  106         | COMMA ID rel_list

  107 where: %empty
  108      | WHERE condition condition_list

  109 on: %empty
  110   | ON condition condition_list

  111 condition_list: %empty
  112               | AND condition condition_list

  113 condition: expression comOp expression
  114          | expression comOp sub_select
  115          | sub_select comOp value
  116          | sub_select comOp id_type
  117          | sub_select comOp sub_select

  118 comOp: EQ
  119      | LT
  120      | GT
  121      | LE
  122      | GE
  123      | NE
  124      | IN
  125      | NOT IN
  126      | IS
  127      | IS NOT

  128 sub_select: LBRACE SELECT select_attr from_rel where group_by RBRACE

  129 group_by: %empty
  130         | GROUP BY group_list

  131 group_list: group_attr
  132           | group_list COMMA group_attr

  133 group_attr: ID
  134           | ID DOT ID

  135 order_by: %empty
  136         | ORDER BY sort_list

  137 sort_list: sort_attr
  138          | sort_list COMMA sort_attr

  139 sort_attr: ID opt_asc
  140          | ID DESC
  141          | ID DOT ID opt_asc
  142          | ID DOT ID DESC

  143 opt_asc: %empty
  144        | ASC

  145 load_data: LOAD DATA INFILE SSS INTO TABLE ID SEMICOLON


Terminals, with rules where they appear

    $end (0) 0
    '-' (45) 83
    error (256)
    SEMICOLON (258) 20 21 22 23 24 25 26 27 28 29 30 35 36 51 60 61 62 145
    CREATE (259) 29 30 36
    DROP (260) 26 35
    TABLE (261) 26 36 145
    TABLES (262) 27
    INDEX (263) 29 30 35
    SELECT (264) 62 128
    DESC (265) 28 140 142
    SHOW (266) 27
    SYNC (267) 22
    INSERT (268) 51
    DELETE (269) 60
    UPDATE (270) 61
    LBRACE (271) 29 30 36 39 52 53 79 80 95 96 97 98 99 100 128
    RBRACE (272) 29 30 36 39 52 53 81 82 95 96 97 98 99 100 128
    COMMA (273) 32 38 53 55 92 106 132 138
    TRX_BEGIN (274) 23
    TRX_COMMIT (275) 24
    TRX_ROLLBACK (276) 25
    INT_T (277) 45
    STRING_T (278) 46
    FLOAT_T (279) 47
    ORDER (280) 136
    ASC (281) 144
    BY (282) 130 136
    DATE_T (283) 48
    UNIQUE (284) 30
    HELP (285) 21
    EXIT (286) 20
    DOT (287) 89 90 96 97 99 100 134 141 142
    INTO (288) 51 145
    VALUES (289) 51
    FROM (290) 60 104
    WHERE (291) 108
    AND (292) 112
    SET (293) 61
    ON (294) 29 30 110
    LOAD (295) 145
    DATA (296) 145
    INFILE (297) 145
    NULLABLE (298) 43
    GROUP (299) 130
    IS (300) 126 127
    NOT (301) 42 125 127
    EQ (302) 61 118
    LT (303) 119
    GT (304) 120
    LE (305) 121
    GE (306) 122
    NE (307) 123
    PLUS (308) 85
    DIV (309) 87
    NULL_T (310) 42 58
    INNER (311) 94
    JOIN (312) 94
    IN (313) 124 125
    TEXT_T (314) 49
    NUMBER <number> (315) 44 56 102
    FLOAT <floats> (316) 57
    ID <string> (317) 26 28 29 30 34 35 36 50 60 61 88 89 90 94 96 97 98 99 100 103 104 106 133 134 139 140 141 142 145
    PATH <string> (318)
    SSS <string> (319) 59 145
    STAR <string> (320) 63 84 90 97 100 101
    STRING_V <string> (321)
    COUNT <string> (322) 95 96 97
    OTHER_FUNCTION_TYPE <string> (323) 98 99 100
    Column <string> (324)
    LOWER_THAN_BRACE (325)
    GR (326)


Nonterminals, with rules where they appear

    $accept (73)
        on left: 0
    commands (74)
        on left: 1 2
        on right: 0 2
    command (75)
        on left: 3 4 5 6 7 8 9 10 11 12 13 14 15 16 17 18 19
        on right: 2
    exit (76)
        on left: 20
        on right: 19
    help (77)
        on left: 21
        on right: 18
    sync (78)
        on left: 22
        on right: 13
    begin (79)
        on left: 23
        on right: 14
    commit (80)
        on left: 24
        on right: 15
    rollback (81)
        on left: 25
        on right: 16
    drop_table (82)
        on left: 26
        on right: 8
    show_tables (83)
        on left: 27
        on right: 9
    desc_table (84)
        on left: 28
        on right: 10
    create_index (85)
        on left: 29 30
        on right: 11
    Column_list (86)
        on left: 31 32
        on right: 29 30 32
    Column_def (87)
        on left: 33 34
        on right: 29 30 32
    drop_index (88)
        on left: 35
        on right: 12
    create_table (89)
        on left: 36
        on right: 7
    attr_def_list (90)
        on left: 37 38
        on right: 36 38
    attr_def (91)
        on left: 39 40
        on right: 36 38
    opt_null <number> (92)
        on left: 41 42 43
        on right: 39 40
    number <number> (93)
        on left: 44
        on right: 39
    type <number> (94)
        on left: 45 46 47 48 49
        on right: 39 40
    ID_get (95)
        on left: 50
        on right: 39 40 51
    insert (96)
        on left: 51
        on right: 4
    multi_values (97)
        on left: 52 53
        on right: 51 53
    value_list (98)
        on left: 54 55
        on right: 52 53 55
    value <value1> (99)
        on left: 56 57 58 59
        on right: 52 53 55 61 72 74 76 78 115
    delete (100)
        on left: 60
        on right: 6
    update (101)
        on left: 61
        on right: 5
    select (102)
        on left: 62
        on right: 3
    select_attr <relattr1> (103)
        on left: 63 64
        on right: 62 128
    select_param (104)
        on left: 65 66
        on right: 64 92
    expression <relation> (105)
        on left: 67 68
        on right: 66 113 114
    exp_list (106)
        on left: 69 70
        on right: 67 68 70
    exp (107)
        on left: 71 72 73 74 75 76 77 78
        on right: 67 68 70
    lbrace_list (108)
        on left: 79 80
        on right: 73 74 77 78 80
    rbrace_list (109)
        on left: 81 82
        on right: 75 76 77 78 82
    minus (110)
        on left: 83
        on right: 68 86
    op (111)
        on left: 84 85 86 87
        on right: 70
    id_type (112)
        on left: 88 89 90
        on right: 71 73 75 77 116
    attr_list (113)
        on left: 91 92
        on right: 64 92
    join_list (114)
        on left: 93 94
        on right: 62 94
    window_function (115)
        on left: 95 96 97 98 99 100
        on right: 65
    opt_star <string> (116)
        on left: 101 102 103
        on right: 95
    from_rel <relation> (117)
        on left: 104
        on right: 62 128
    rel_list (118)
        on left: 105 106
        on right: 104 106
    where <condition1> (119)
        on left: 107 108
        on right: 60 61 62 128
    on (120)
        on left: 109 110
        on right: 94
    condition_list (121)
        on left: 111 112
        on right: 108 110 112
    condition <condition1> (122)
        on left: 113 114 115 116 117
        on right: 108 110 112
    comOp <number> (123)
        on left: 118 119 120 121 122 123 124 125 126 127
        on right: 113 114 115 116 117
    sub_select <selnode> (124)
        on left: 128
        on right: 114 115 116 117
    group_by <relattr1> (125)
        on left: 129 130
        on right: 62 128
    group_list (126)
        on left: 131 132
        on right: 130 132
    group_attr (127)
        on left: 133 134
        on right: 131 132
    order_by (128)
        on left: 135 136
        on right: 62
    sort_list (129)
        on left: 137 138
        on right: 136 138
    sort_attr (130)
        on left: 139 140 141 142
        on right: 137 138
    opt_asc (131)
        on left: 143 144
        on right: 139 141
    load_data (132)
        on left: 145
        on right: 17


State 0

    0 $accept: . commands $end

    $default  reduce using rule 1 (commands)

    commands  go to state 1


State 1

    0 $accept: commands . $end
    2 commands: commands . command

    $end          shift, and go to state 2
    CREATE        shift, and go to state 3
    DROP          shift, and go to state 4
    SELECT        shift, and go to state 5
    DESC          shift, and go to state 6
    SHOW          shift, and go to state 7
    SYNC          shift, and go to state 8
    INSERT        shift, and go to state 9
    DELETE        shift, and go to state 10
    UPDATE        shift, and go to state 11
    TRX_BEGIN     shift, and go to state 12
    TRX_COMMIT    shift, and go to state 13
    TRX_ROLLBACK  shift, and go to state 14
    HELP          shift, and go to state 15
    EXIT          shift, and go to state 16
    LOAD          shift, and go to state 17

    command       go to state 18
    exit          go to state 19
    help          go to state 20
    sync          go to state 21
    begin         go to state 22
    commit        go to state 23
    rollback      go to state 24
    drop_table    go to state 25
    show_tables   go to state 26
    desc_table    go to state 27
    create_index  go to state 28
    drop_index    go to state 29
    create_table  go to state 30
    insert        go to state 31
    delete        go to state 32
    update        go to state 33
    select        go to state 34
    load_data     go to state 35


State 2

    0 $accept: commands $end .

    $default  accept


State 3

   29 create_index: CREATE . INDEX ID ON ID LBRACE Column_def Column_list RBRACE SEMICOLON
   30             | CREATE . UNIQUE INDEX ID ON ID LBRACE Column_def Column_list RBRACE SEMICOLON
   36 create_table: CREATE . TABLE ID LBRACE attr_def attr_def_list RBRACE SEMICOLON

    TABLE   shift, and go to state 36
    INDEX   shift, and go to state 37
    UNIQUE  shift, and go to state 38


State 4

   26 drop_table: DROP . TABLE ID SEMICOLON
   35 drop_index: DROP . INDEX ID SEMICOLON

    TABLE  shift, and go to state 39
    INDEX  shift, and go to state 40


State 5

   62 select: SELECT . select_attr from_rel join_list where group_by order_by SEMICOLON

    LBRACE               shift, and go to state 41
    NULL_T               shift, and go to state 42
    NUMBER               shift, and go to state 43
    FLOAT                shift, and go to state 44
    ID                   shift, and go to state 45
    SSS                  shift, and go to state 46
    STAR                 shift, and go to state 47
    COUNT                shift, and go to state 48
    OTHER_FUNCTION_TYPE  shift, and go to state 49
    '-'                  shift, and go to state 50

    value            go to state 51
    select_attr      go to state 52
    select_param     go to state 53
    expression       go to state 54
    exp              go to state 55
    lbrace_list      go to state 56
    minus            go to state 57
    id_type          go to state 58
    window_function  go to state 59


State 6

   28 desc_table: DESC . ID SEMICOLON

    ID  shift, and go to state 60


State 7

   27 show_tables: SHOW . TABLES SEMICOLON

    TABLES  shift, and go to state 61


State 8

   22 sync: SYNC . SEMICOLON

    SEMICOLON  shift, and go to state 62


State 9

   51 insert: INSERT . INTO ID_get VALUES multi_values SEMICOLON

    INTO  shift, and go to state 63


State 10

   60 delete: DELETE . FROM ID where SEMICOLON

    FROM  shift, and go to state 64


State 11

   61 update: UPDATE . ID SET ID EQ value where SEMICOLON

    ID  shift, and go to state 65


State 12

   23 begin: TRX_BEGIN . SEMICOLON

    SEMICOLON  shift, and go to state 66


State 13

   24 commit: TRX_COMMIT . SEMICOLON

    SEMICOLON  shift, and go to state 67


State 14

   25 rollback: TRX_ROLLBACK . SEMICOLON

    SEMICOLON  shift, and go to state 68


State 15

   21 help: HELP . SEMICOLON

    SEMICOLON  shift, and go to state 69


State 16

   20 exit: EXIT . SEMICOLON

    SEMICOLON  shift, and go to state 70


State 17

  145 load_data: LOAD . DATA INFILE SSS INTO TABLE ID SEMICOLON

    DATA  shift, and go to state 71


State 18

    2 commands: commands command .

    $default  reduce using rule 2 (commands)


State 19

   19 command: exit .

    $default  reduce using rule 19 (command)


State 20

   18 command: help .

    $default  reduce using rule 18 (command)


State 21

   13 command: sync .

    $default  reduce using rule 13 (command)


State 22

   14 command: begin .

    $default  reduce using rule 14 (command)


State 23

   15 command: commit .

    $default  reduce using rule 15 (command)


State 24

   16 command: rollback .

    $default  reduce using rule 16 (command)


State 25

    8 command: drop_table .

    $default  reduce using rule 8 (command)


State 26

    9 command: show_tables .

    $default  reduce using rule 9 (command)


State 27

   10 command: desc_table .

    $default  reduce using rule 10 (command)


State 28

   11 command: create_index .

    $default  reduce using rule 11 (command)


State 29

   12 command: drop_index .

    $default  reduce using rule 12 (command)


State 30

    7 command: create_table .

    $default  reduce using rule 7 (command)


State 31

    4 command: insert .

    $default  reduce using rule 4 (command)


State 32

    6 command: delete .

    $default  reduce using rule 6 (command)


State 33

    5 command: update .

    $default  reduce using rule 5 (command)


State 34

    3 command: select .

    $default  reduce using rule 3 (command)


State 35

   17 command: load_data .

    $default  reduce using rule 17 (command)


State 36

   36 create_table: CREATE TABLE . ID LBRACE attr_def attr_def_list RBRACE SEMICOLON

    ID  shift, and go to state 72


State 37

   29 create_index: CREATE INDEX . ID ON ID LBRACE Column_def Column_list RBRACE SEMICOLON

    ID  shift, and go to state 73


State 38

   30 create_index: CREATE UNIQUE . INDEX ID ON ID LBRACE Column_def Column_list RBRACE SEMICOLON

    INDEX  shift, and go to state 74


State 39

   26 drop_table: DROP TABLE . ID SEMICOLON

    ID  shift, and go to state 75


State 40

   35 drop_index: DROP INDEX . ID SEMICOLON

    ID  shift, and go to state 76


State 41

   79 lbrace_list: LBRACE .

    $default  reduce using rule 79 (lbrace_list)


State 42

   58 value: NULL_T .

    $default  reduce using rule 58 (value)


State 43

   56 value: NUMBER .

    $default  reduce using rule 56 (value)


State 44

   57 value: FLOAT .

    $default  reduce using rule 57 (value)


State 45

   88 id_type: ID .
   89        | ID . DOT ID
   90        | ID . DOT STAR

    DOT  shift, and go to state 77

    $default  reduce using rule 88 (id_type)


State 46

   59 value: SSS .

    $default  reduce using rule 59 (value)


State 47

   63 select_attr: STAR .

    $default  reduce using rule 63 (select_attr)


State 48

   95 window_function: COUNT . LBRACE opt_star RBRACE
   96                | COUNT . LBRACE ID DOT ID RBRACE
   97                | COUNT . LBRACE ID DOT STAR RBRACE

    LBRACE  shift, and go to state 78


State 49

   98 window_function: OTHER_FUNCTION_TYPE . LBRACE ID RBRACE
   99                | OTHER_FUNCTION_TYPE . LBRACE ID DOT ID RBRACE
  100                | OTHER_FUNCTION_TYPE . LBRACE ID DOT STAR RBRACE

    LBRACE  shift, and go to state 79


State 50

   83 minus: '-' .

    $default  reduce using rule 83 (minus)


State 51

   72 exp: value .
   76    | value . rbrace_list

    RBRACE  shift, and go to state 80

    $default  reduce using rule 72 (exp)

    rbrace_list  go to state 81


State 52

   62 select: SELECT select_attr . from_rel join_list where group_by order_by SEMICOLON

    FROM  shift, and go to state 82

    from_rel  go to state 83


State 53

   64 select_attr: select_param . attr_list

    COMMA  shift, and go to state 84

    $default  reduce using rule 91 (attr_list)

    attr_list  go to state 85


State 54

   66 select_param: expression .

    $default  reduce using rule 66 (select_param)


State 55

   67 expression: exp . exp_list

    PLUS  shift, and go to state 86
    DIV   shift, and go to state 87
    STAR  shift, and go to state 88
    '-'   shift, and go to state 50

    $default  reduce using rule 69 (exp_list)

    exp_list  go to state 89
    minus     go to state 90
    op        go to state 91


State 56

   73 exp: lbrace_list . id_type
   74    | lbrace_list . value
   77    | lbrace_list . id_type rbrace_list
   78    | lbrace_list . value rbrace_list
   80 lbrace_list: lbrace_list . LBRACE

    LBRACE  shift, and go to state 92
    NULL_T  shift, and go to state 42
    NUMBER  shift, and go to state 43
    FLOAT   shift, and go to state 44
    ID      shift, and go to state 45
    SSS     shift, and go to state 46

    value    go to state 93
    id_type  go to state 94


State 57

   68 expression: minus . exp exp_list

    LBRACE  shift, and go to state 41
    NULL_T  shift, and go to state 42
    NUMBER  shift, and go to state 43
    FLOAT   shift, and go to state 44
    ID      shift, and go to state 45
    SSS     shift, and go to state 46

    value        go to state 51
    exp          go to state 95
    lbrace_list  go to state 56
    id_type      go to state 58


State 58

   71 exp: id_type .
   75    | id_type . rbrace_list

    RBRACE  shift, and go to state 80

    $default  reduce using rule 71 (exp)

    rbrace_list  go to state 96


State 59

   65 select_param: window_function .

    $default  reduce using rule 65 (select_param)


State 60

   28 desc_table: DESC ID . SEMICOLON

    SEMICOLON  shift, and go to state 97


State 61

   27 show_tables: SHOW TABLES . SEMICOLON

    SEMICOLON  shift, and go to state 98


State 62

   22 sync: SYNC SEMICOLON .

    $default  reduce using rule 22 (sync)


State 63

   51 insert: INSERT INTO . ID_get VALUES multi_values SEMICOLON

    ID  shift, and go to state 99

    ID_get  go to state 100


State 64

   60 delete: DELETE FROM . ID where SEMICOLON

    ID  shift, and go to state 101


State 65

   61 update: UPDATE ID . SET ID EQ value where SEMICOLON

    SET  shift, and go to state 102


State 66

   23 begin: TRX_BEGIN SEMICOLON .

    $default  reduce using rule 23 (begin)


State 67

   24 commit: TRX_COMMIT SEMICOLON .

    $default  reduce using rule 24 (commit)


State 68

   25 rollback: TRX_ROLLBACK SEMICOLON .

    $default  reduce using rule 25 (rollback)


State 69

   21 help: HELP SEMICOLON .

    $default  reduce using rule 21 (help)


State 70

   20 exit: EXIT SEMICOLON .

    $default  reduce using rule 20 (exit)


State 71

  145 load_data: LOAD DATA . INFILE SSS INTO TABLE ID SEMICOLON

    INFILE  shift, and go to state 103


State 72

   36 create_table: CREATE TABLE ID . LBRACE attr_def attr_def_list RBRACE SEMICOLON

    LBRACE  shift, and go to state 104


State 73

   29 create_index: CREATE INDEX ID . ON ID LBRACE Column_def Column_list RBRACE SEMICOLON

    ON  shift, and go to state 105


State 74

   30 create_index: CREATE UNIQUE INDEX . ID ON ID LBRACE Column_def Column_list RBRACE SEMICOLON

    ID  shift, and go to state 106


State 75

   26 drop_table: DROP TABLE ID . SEMICOLON

    SEMICOLON  shift, and go to state 107


State 76

   35 drop_index: DROP INDEX ID . SEMICOLON

    SEMICOLON  shift, and go to state 108


State 77

   89 id_type: ID DOT . ID
   90        | ID DOT . STAR

    ID    shift, and go to state 109
    STAR  shift, and go to state 110


State 78

   95 window_function: COUNT LBRACE . opt_star RBRACE
   96                | COUNT LBRACE . ID DOT ID RBRACE
   97                | COUNT LBRACE . ID DOT STAR RBRACE

    NUMBER  shift, and go to state 111
    ID      shift, and go to state 112
    STAR    shift, and go to state 113

    opt_star  go to state 114


State 79

   98 window_function: OTHER_FUNCTION_TYPE LBRACE . ID RBRACE
   99                | OTHER_FUNCTION_TYPE LBRACE . ID DOT ID RBRACE
  100                | OTHER_FUNCTION_TYPE LBRACE . ID DOT STAR RBRACE

    ID  shift, and go to state 115


State 80

   81 rbrace_list: RBRACE .

    $default  reduce using rule 81 (rbrace_list)


State 81

   76 exp: value rbrace_list .
   82 rbrace_list: rbrace_list . RBRACE

    RBRACE  shift, and go to state 116

    $default  reduce using rule 76 (exp)


State 82

  104 from_rel: FROM . ID rel_list

    ID  shift, and go to state 117


State 83

   62 select: SELECT select_attr from_rel . join_list where group_by order_by SEMICOLON

    INNER  shift, and go to state 118

    $default  reduce using rule 93 (join_list)

    join_list  go to state 119


State 84

   92 attr_list: COMMA . select_param attr_list

    LBRACE               shift, and go to state 41
    NULL_T               shift, and go to state 42
    NUMBER               shift, and go to state 43
    FLOAT                shift, and go to state 44
    ID                   shift, and go to state 45
    SSS                  shift, and go to state 46
    COUNT                shift, and go to state 48
    OTHER_FUNCTION_TYPE  shift, and go to state 49
    '-'                  shift, and go to state 50

    value            go to state 51
    select_param     go to state 120
    expression       go to state 54
    exp              go to state 55
    lbrace_list      go to state 56
    minus            go to state 57
    id_type          go to state 58
    window_function  go to state 59


State 85

   64 select_attr: select_param attr_list .

    $default  reduce using rule 64 (select_attr)


State 86

   85 op: PLUS .

    $default  reduce using rule 85 (op)


State 87

   87 op: DIV .

    $default  reduce using rule 87 (op)


State 88

   84 op: STAR .

    $default  reduce using rule 84 (op)


State 89

   67 expression: exp exp_list .

    $default  reduce using rule 67 (expression)


State 90

   86 op: minus .

    $default  reduce using rule 86 (op)


State 91

   70 exp_list: op . exp exp_list

    LBRACE  shift, and go to state 41
    NULL_T  shift, and go to state 42
    NUMBER  shift, and go to state 43
    FLOAT   shift, and go to state 44
    ID      shift, and go to state 45
    SSS     shift, and go to state 46

    value        go to state 51
    exp          go to state 121
    lbrace_list  go to state 56
    id_type      go to state 58


State 92

   80 lbrace_list: lbrace_list LBRACE .

    $default  reduce using rule 80 (lbrace_list)


State 93

   74 exp: lbrace_list value .
   78    | lbrace_list value . rbrace_list

    RBRACE  shift, and go to state 80

    $default  reduce using rule 74 (exp)

    rbrace_list  go to state 122


State 94

   73 exp: lbrace_list id_type .
   77    | lbrace_list id_type . rbrace_list

    RBRACE  shift, and go to state 80

    $default  reduce using rule 73 (exp)

    rbrace_list  go to state 123


State 95

   68 expression: minus exp . exp_list

    PLUS  shift, and go to state 86
    DIV   shift, and go to state 87
    STAR  shift, and go to state 88
    '-'   shift, and go to state 50

    $default  reduce using rule 69 (exp_list)

    exp_list  go to state 124
    minus     go to state 90
    op        go to state 91


State 96

   75 exp: id_type rbrace_list .
   82 rbrace_list: rbrace_list . RBRACE

    RBRACE  shift, and go to state 116

    $default  reduce using rule 75 (exp)


State 97

   28 desc_table: DESC ID SEMICOLON .

    $default  reduce using rule 28 (desc_table)


State 98

   27 show_tables: SHOW TABLES SEMICOLON .

    $default  reduce using rule 27 (show_tables)


State 99

   50 ID_get: ID .

    $default  reduce using rule 50 (ID_get)


State 100

   51 insert: INSERT INTO ID_get . VALUES multi_values SEMICOLON

    VALUES  shift, and go to state 125


State 101

   60 delete: DELETE FROM ID . where SEMICOLON

    WHERE  shift, and go to state 126

    $default  reduce using rule 107 (where)

    where  go to state 127


State 102

   61 update: UPDATE ID SET . ID EQ value where SEMICOLON

    ID  shift, and go to state 128


State 103

  145 load_data: LOAD DATA INFILE . SSS INTO TABLE ID SEMICOLON

    SSS  shift, and go to state 129


State 104

   36 create_table: CREATE TABLE ID LBRACE . attr_def attr_def_list RBRACE SEMICOLON

    ID  shift, and go to state 99

    attr_def  go to state 130
    ID_get    go to state 131


State 105

   29 create_index: CREATE INDEX ID ON . ID LBRACE Column_def Column_list RBRACE SEMICOLON

    ID  shift, and go to state 132


State 106

   30 create_index: CREATE UNIQUE INDEX ID . ON ID LBRACE Column_def Column_list RBRACE SEMICOLON

    ON  shift, and go to state 133


State 107

   26 drop_table: DROP TABLE ID SEMICOLON .

    $default  reduce using rule 26 (drop_table)


State 108

   35 drop_index: DROP INDEX ID SEMICOLON .

    $default  reduce using rule 35 (drop_index)


State 109

   89 id_type: ID DOT ID .

    $default  reduce using rule 89 (id_type)


State 110

   90 id_type: ID DOT STAR .

    $default  reduce using rule 90 (id_type)


State 111

  102 opt_star: NUMBER .

    $default  reduce using rule 102 (opt_star)


State 112

   96 window_function: COUNT LBRACE ID . DOT ID RBRACE
   97                | COUNT LBRACE ID . DOT STAR RBRACE
  103 opt_star: ID .

    DOT  shift, and go to state 134

    $default  reduce using rule 103 (opt_star)


State 113

  101 opt_star: STAR .

    $default  reduce using rule 101 (opt_star)


State 114

   95 window_function: COUNT LBRACE opt_star . RBRACE

    RBRACE  shift, and go to state 135


State 115

   98 window_function: OTHER_FUNCTION_TYPE LBRACE ID . RBRACE
   99                | OTHER_FUNCTION_TYPE LBRACE ID . DOT ID RBRACE
  100                | OTHER_FUNCTION_TYPE LBRACE ID . DOT STAR RBRACE

    RBRACE  shift, and go to state 136
    DOT     shift, and go to state 137


State 116

   82 rbrace_list: rbrace_list RBRACE .

    $default  reduce using rule 82 (rbrace_list)


State 117

  104 from_rel: FROM ID . rel_list

    COMMA  shift, and go to state 138

    $default  reduce using rule 105 (rel_list)

    rel_list  go to state 139


State 118

   94 join_list: INNER . JOIN ID on join_list

    JOIN  shift, and go to state 140


State 119

   62 select: SELECT select_attr from_rel join_list . where group_by order_by SEMICOLON

    WHERE  shift, and go to state 126

    $default  reduce using rule 107 (where)

    where  go to state 141


State 120

   92 attr_list: COMMA select_param . attr_list

    COMMA  shift, and go to state 84

    $default  reduce using rule 91 (attr_list)

    attr_list  go to state 142


State 121

   70 exp_list: op exp . exp_list

    PLUS  shift, and go to state 86
    DIV   shift, and go to state 87
    STAR  shift, and go to state 88
    '-'   shift, and go to state 50

    $default  reduce using rule 69 (exp_list)

    exp_list  go to state 143
    minus     go to state 90
    op        go to state 91


State 122

   78 exp: lbrace_list value rbrace_list .
   82 rbrace_list: rbrace_list . RBRACE

    RBRACE  shift, and go to state 116

    $default  reduce using rule 78 (exp)


State 123

   77 exp: lbrace_list id_type rbrace_list .
   82 rbrace_list: rbrace_list . RBRACE

    RBRACE  shift, and go to state 116

    $default  reduce using rule 77 (exp)


State 124

   68 expression: minus exp exp_list .

    $default  reduce using rule 68 (expression)


State 125

   51 insert: INSERT INTO ID_get VALUES . multi_values SEMICOLON

    LBRACE  shift, and go to state 144

    multi_values  go to state 145


State 126

  108 where: WHERE . condition condition_list

    LBRACE  shift, and go to state 146
    NULL_T  shift, and go to state 42
    NUMBER  shift, and go to state 43
    FLOAT   shift, and go to state 44
    ID      shift, and go to state 45
    SSS     shift, and go to state 46
    '-'     shift, and go to state 50

    value        go to state 51
    expression   go to state 147
    exp          go to state 55
    lbrace_list  go to state 56
    minus        go to state 57
    id_type      go to state 58
    condition    go to state 148
    sub_select   go to state 149


State 127

   60 delete: DELETE FROM ID where . SEMICOLON

    SEMICOLON  shift, and go to state 150


State 128

   61 update: UPDATE ID SET ID . EQ value where SEMICOLON

    EQ  shift, and go to state 151


State 129

  145 load_data: LOAD DATA INFILE SSS . INTO TABLE ID SEMICOLON

    INTO  shift, and go to state 152


State 130

   36 create_table: CREATE TABLE ID LBRACE attr_def . attr_def_list RBRACE SEMICOLON

    COMMA  shift, and go to state 153

    $default  reduce using rule 37 (attr_def_list)

    attr_def_list  go to state 154


State 131

   39 attr_def: ID_get . type LBRACE number RBRACE opt_null
   40         | ID_get . type opt_null

    INT_T     shift, and go to state 155
    STRING_T  shift, and go to state 156
    FLOAT_T   shift, and go to state 157
    DATE_T    shift, and go to state 158
    TEXT_T    shift, and go to state 159

    type  go to state 160


State 132

   29 create_index: CREATE INDEX ID ON ID . LBRACE Column_def Column_list RBRACE SEMICOLON

    LBRACE  shift, and go to state 161


State 133

   30 create_index: CREATE UNIQUE INDEX ID ON . ID LBRACE Column_def Column_list RBRACE SEMICOLON

    ID  shift, and go to state 162


State 134

   96 window_function: COUNT LBRACE ID DOT . ID RBRACE
   97                | COUNT LBRACE ID DOT . STAR RBRACE

    ID    shift, and go to state 163
    STAR  shift, and go to state 164


State 135

   95 window_function: COUNT LBRACE opt_star RBRACE .

    $default  reduce using rule 95 (window_function)


State 136

   98 window_function: OTHER_FUNCTION_TYPE LBRACE ID RBRACE .

    $default  reduce using rule 98 (window_function)


State 137

   99 window_function: OTHER_FUNCTION_TYPE LBRACE ID DOT . ID RBRACE
  100                | OTHER_FUNCTION_TYPE LBRACE ID DOT . STAR RBRACE

    ID    shift, and go to state 165
    STAR  shift, and go to state 166


State 138

  106 rel_list: COMMA . ID rel_list

    ID  shift, and go to state 167


State 139

  104 from_rel: FROM ID rel_list .

    $default  reduce using rule 104 (from_rel)


State 140

   94 join_list: INNER JOIN . ID on join_list

    ID  shift, and go to state 168


State 141

   62 select: SELECT select_attr from_rel join_list where . group_by order_by SEMICOLON

    GROUP  shift, and go to state 169

    $default  reduce using rule 129 (group_by)

    group_by  go to state 170


State 142

   92 attr_list: COMMA select_param attr_list .

    $default  reduce using rule 92 (attr_list)


State 143

   70 exp_list: op exp exp_list .

    $default  reduce using rule 70 (exp_list)


State 144

   52 multi_values: LBRACE . value value_list RBRACE

    NULL_T  shift, and go to state 42
    NUMBER  shift, and go to state 43
    FLOAT   shift, and go to state 44
    SSS     shift, and go to state 46

    value  go to state 171


State 145

   51 insert: INSERT INTO ID_get VALUES multi_values . SEMICOLON
   53 multi_values: multi_values . COMMA LBRACE value value_list RBRACE

    SEMICOLON  shift, and go to state 172
    COMMA      shift, and go to state 173


State 146

   79 lbrace_list: LBRACE .
  128 sub_select: LBRACE . SELECT select_attr from_rel where group_by RBRACE

    SELECT  shift, and go to state 174

    $default  reduce using rule 79 (lbrace_list)


State 147

  113 condition: expression . comOp expression
  114          | expression . comOp sub_select

    IS   shift, and go to state 175
    NOT  shift, and go to state 176
    EQ   shift, and go to state 177
    LT   shift, and go to state 178
    GT   shift, and go to state 179
    LE   shift, and go to state 180
    GE   shift, and go to state 181
    NE   shift, and go to state 182
    IN   shift, and go to state 183

    comOp  go to state 184


State 148

  108 where: WHERE condition . condition_list

    AND  shift, and go to state 185

    $default  reduce using rule 111 (condition_list)

    condition_list  go to state 186


State 149

  115 condition: sub_select . comOp value
  116          | sub_select . comOp id_type
  117          | sub_select . comOp sub_select

    IS   shift, and go to state 175
    NOT  shift, and go to state 176
    EQ   shift, and go to state 177
    LT   shift, and go to state 178
    GT   shift, and go to state 179
    LE   shift, and go to state 180
    GE   shift, and go to state 181
    NE   shift, and go to state 182
    IN   shift, and go to state 183

    comOp  go to state 187


State 150

   60 delete: DELETE FROM ID where SEMICOLON .

    $default  reduce using rule 60 (delete)


State 151

   61 update: UPDATE ID SET ID EQ . value where SEMICOLON

    NULL_T  shift, and go to state 42
    NUMBER  shift, and go to state 43
    FLOAT   shift, and go to state 44
    SSS     shift, and go to state 46

    value  go to state 188


State 152

  145 load_data: LOAD DATA INFILE SSS INTO . TABLE ID SEMICOLON

    TABLE  shift, and go to state 189


State 153

   38 attr_def_list: COMMA . attr_def attr_def_list

    ID  shift, and go to state 99

    attr_def  go to state 190
    ID_get    go to state 131


State 154

   36 create_table: CREATE TABLE ID LBRACE attr_def attr_def_list . RBRACE SEMICOLON

    RBRACE  shift, and go to state 191


State 155

   45 type: INT_T .

    $default  reduce using rule 45 (type)


State 156

   46 type: STRING_T .

    $default  reduce using rule 46 (type)


State 157

   47 type: FLOAT_T .

    $default  reduce using rule 47 (type)


State 158

   48 type: DATE_T .

    $default  reduce using rule 48 (type)


State 159

   49 type: TEXT_T .

    $default  reduce using rule 49 (type)


State 160

   39 attr_def: ID_get type . LBRACE number RBRACE opt_null
   40         | ID_get type . opt_null

    LBRACE    shift, and go to state 192
    NULLABLE  shift, and go to state 193
    NOT       shift, and go to state 194

    $default  reduce using rule 41 (opt_null)

    opt_null  go to state 195


State 161

   29 create_index: CREATE INDEX ID ON ID LBRACE . Column_def Column_list RBRACE SEMICOLON

    ID  shift, and go to state 196

    $default  reduce using rule 33 (Column_def)

    Column_def  go to state 197


State 162

   30 create_index: CREATE UNIQUE INDEX ID ON ID . LBRACE Column_def Column_list RBRACE SEMICOLON

    LBRACE  shift, and go to state 198


State 163

   96 window_function: COUNT LBRACE ID DOT ID . RBRACE

    RBRACE  shift, and go to state 199


State 164

   97 window_function: COUNT LBRACE ID DOT STAR . RBRACE

    RBRACE  shift, and go to state 200


State 165

   99 window_function: OTHER_FUNCTION_TYPE LBRACE ID DOT ID . RBRACE

    RBRACE  shift, and go to state 201


State 166

  100 window_function: OTHER_FUNCTION_TYPE LBRACE ID DOT STAR . RBRACE

    RBRACE  shift, and go to state 202


State 167

  106 rel_list: COMMA ID . rel_list

    COMMA  shift, and go to state 138

    $default  reduce using rule 105 (rel_list)

    rel_list  go to state 203


State 168

   94 join_list: INNER JOIN ID . on join_list

    ON  shift, and go to state 204

    $default  reduce using rule 109 (on)

    on  go to state 205


State 169

  130 group_by: GROUP . BY group_list

    BY  shift, and go to state 206


State 170

   62 select: SELECT select_attr from_rel join_list where group_by . order_by SEMICOLON

    ORDER  shift, and go to state 207

    $default  reduce using rule 135 (order_by)

    order_by  go to state 208


State 171

   52 multi_values: LBRACE value . value_list RBRACE

    COMMA  shift, and go to state 209

    $default  reduce using rule 54 (value_list)

    value_list  go to state 210


State 172

   51 insert: INSERT INTO ID_get VALUES multi_values SEMICOLON .

    $default  reduce using rule 51 (insert)


State 173

   53 multi_values: multi_values COMMA . LBRACE value value_list RBRACE

    LBRACE  shift, and go to state 211


State 174

  128 sub_select: LBRACE SELECT . select_attr from_rel where group_by RBRACE

    LBRACE               shift, and go to state 41
    NULL_T               shift, and go to state 42
    NUMBER               shift, and go to state 43
    FLOAT                shift, and go to state 44
    ID                   shift, and go to state 45
    SSS                  shift, and go to state 46
    STAR                 shift, and go to state 47
    COUNT                shift, and go to state 48
    OTHER_FUNCTION_TYPE  shift, and go to state 49
    '-'                  shift, and go to state 50

    value            go to state 51
    select_attr      go to state 212
    select_param     go to state 53
    expression       go to state 54
    exp              go to state 55
    lbrace_list      go to state 56
    minus            go to state 57
    id_type          go to state 58
    window_function  go to state 59


State 175

  126 comOp: IS .
  127      | IS . NOT

    NOT  shift, and go to state 213

    $default  reduce using rule 126 (comOp)


State 176

  125 comOp: NOT . IN

    IN  shift, and go to state 214


State 177

  118 comOp: EQ .

    $default  reduce using rule 118 (comOp)


State 178

  119 comOp: LT .

    $default  reduce using rule 119 (comOp)


State 179

  120 comOp: GT .

    $default  reduce using rule 120 (comOp)


State 180

  121 comOp: LE .

    $default  reduce using rule 121 (comOp)


State 181

  122 comOp: GE .

    $default  reduce using rule 122 (comOp)


State 182

  123 comOp: NE .

    $default  reduce using rule 123 (comOp)


State 183

  124 comOp: IN .

    $default  reduce using rule 124 (comOp)


State 184

  113 condition: expression comOp . expression
  114          | expression comOp . sub_select

    LBRACE  shift, and go to state 146
    NULL_T  shift, and go to state 42
    NUMBER  shift, and go to state 43
    FLOAT   shift, and go to state 44
    ID      shift, and go to state 45
    SSS     shift, and go to state 46
    '-'     shift, and go to state 50

    value        go to state 51
    expression   go to state 215
    exp          go to state 55
    lbrace_list  go to state 56
    minus        go to state 57
    id_type      go to state 58
    sub_select   go to state 216


State 185

  112 condition_list: AND . condition condition_list

    LBRACE  shift, and go to state 146
    NULL_T  shift, and go to state 42
    NUMBER  shift, and go to state 43
    FLOAT   shift, and go to state 44
    ID      shift, and go to state 45
    SSS     shift, and go to state 46
    '-'     shift, and go to state 50

    value        go to state 51
    expression   go to state 147
    exp          go to state 55
    lbrace_list  go to state 56
    minus        go to state 57
    id_type      go to state 58
    condition    go to state 217
    sub_select   go to state 149


State 186

  108 where: WHERE condition condition_list .

    $default  reduce using rule 108 (where)


State 187

  115 condition: sub_select comOp . value
  116          | sub_select comOp . id_type
  117          | sub_select comOp . sub_select

    LBRACE  shift, and go to state 218
    NULL_T  shift, and go to state 42
    NUMBER  shift, and go to state 43
    FLOAT   shift, and go to state 44
    ID      shift, and go to state 45
    SSS     shift, and go to state 46

    value       go to state 219
    id_type     go to state 220
    sub_select  go to state 221


State 188

   61 update: UPDATE ID SET ID EQ value . where SEMICOLON

    WHERE  shift, and go to state 126

    $default  reduce using rule 107 (where)

    where  go to state 222


State 189

  145 load_data: LOAD DATA INFILE SSS INTO TABLE . ID SEMICOLON

    ID  shift, and go to state 223


State 190

   38 attr_def_list: COMMA attr_def . attr_def_list

    COMMA  shift, and go to state 153

    $default  reduce using rule 37 (attr_def_list)

    attr_def_list  go to state 224


State 191

   36 create_table: CREATE TABLE ID LBRACE attr_def attr_def_list RBRACE . SEMICOLON

    SEMICOLON  shift, and go to state 225


State 192

   39 attr_def: ID_get type LBRACE . number RBRACE opt_null

    NUMBER  shift, and go to state 226

    number  go to state 227


State 193

   43 opt_null: NULLABLE .

    $default  reduce using rule 43 (opt_null)


State 194

   42 opt_null: NOT . NULL_T

    NULL_T  shift, and go to state 228


State 195

   40 attr_def: ID_get type opt_null .

    $default  reduce using rule 40 (attr_def)


State 196

   34 Column_def: ID .

    $default  reduce using rule 34 (Column_def)


State 197

   29 create_index: CREATE INDEX ID ON ID LBRACE Column_def . Column_list RBRACE SEMICOLON

    COMMA  shift, and go to state 229

    $default  reduce using rule 31 (Column_list)

    Column_list  go to state 230


State 198

   30 create_index: CREATE UNIQUE INDEX ID ON ID LBRACE . Column_def Column_list RBRACE SEMICOLON

    ID  shift, and go to state 196

    $default  reduce using rule 33 (Column_def)

    Column_def  go to state 231


State 199

   96 window_function: COUNT LBRACE ID DOT ID RBRACE .

    $default  reduce using rule 96 (window_function)


State 200

   97 window_function: COUNT LBRACE ID DOT STAR RBRACE .

    $default  reduce using rule 97 (window_function)


State 201

   99 window_function: OTHER_FUNCTION_TYPE LBRACE ID DOT ID RBRACE .

    $default  reduce using rule 99 (window_function)


State 202

  100 window_function: OTHER_FUNCTION_TYPE LBRACE ID DOT STAR RBRACE .

    $default  reduce using rule 100 (window_function)


State 203

  106 rel_list: COMMA ID rel_list .

    $default  reduce using rule 106 (rel_list)


State 204

  110 on: ON . condition condition_list

    LBRACE  shift, and go to state 146
    NULL_T  shift, and go to state 42
    NUMBER  shift, and go to state 43
    FLOAT   shift, and go to state 44
    ID      shift, and go to state 45
    SSS     shift, and go to state 46
    '-'     shift, and go to state 50

    value        go to state 51
    expression   go to state 147
    exp          go to state 55
    lbrace_list  go to state 56
    minus        go to state 57
    id_type      go to state 58
    condition    go to state 232
    sub_select   go to state 149


State 205

   94 join_list: INNER JOIN ID on . join_list

    INNER  shift, and go to state 118

    $default  reduce using rule 93 (join_list)

    join_list  go to state 233


State 206

  130 group_by: GROUP BY . group_list

    ID  shift, and go to state 234

    group_list  go to state 235
    group_attr  go to state 236


State 207

  136 order_by: ORDER . BY sort_list

    BY  shift, and go to state 237


State 208

   62 select: SELECT select_attr from_rel join_list where group_by order_by . SEMICOLON

    SEMICOLON  shift, and go to state 238


State 209

   55 value_list: COMMA . value value_list

    NULL_T  shift, and go to state 42
    NUMBER  shift, and go to state 43
    FLOAT   shift, and go to state 44
    SSS     shift, and go to state 46

    value  go to state 239


State 210

   52 multi_values: LBRACE value value_list . RBRACE

    RBRACE  shift, and go to state 240


State 211

   53 multi_values: multi_values COMMA LBRACE . value value_list RBRACE

    NULL_T  shift, and go to state 42
    NUMBER  shift, and go to state 43
    FLOAT   shift, and go to state 44
    SSS     shift, and go to state 46

    value  go to state 241


State 212

  128 sub_select: LBRACE SELECT select_attr . from_rel where group_by RBRACE

    FROM  shift, and go to state 82

    from_rel  go to state 242


State 213

  127 comOp: IS NOT .

    $default  reduce using rule 127 (comOp)


State 214

  125 comOp: NOT IN .

    $default  reduce using rule 125 (comOp)


State 215

  113 condition: expression comOp expression .

    $default  reduce using rule 113 (condition)


State 216

  114 condition: expression comOp sub_select .

    $default  reduce using rule 114 (condition)


State 217

  112 condition_list: AND condition . condition_list

    AND  shift, and go to state 185

    $default  reduce using rule 111 (condition_list)

    condition_list  go to state 243


State 218

  128 sub_select: LBRACE . SELECT select_attr from_rel where group_by RBRACE

    SELECT  shift, and go to state 174


State 219

  115 condition: sub_select comOp value .

    $default  reduce using rule 115 (condition)


State 220

  116 condition: sub_select comOp id_type .

    $default  reduce using rule 116 (condition)


State 221

  117 condition: sub_select comOp sub_select .

    $default  reduce using rule 117 (condition)


State 222

   61 update: UPDATE ID SET ID EQ value where . SEMICOLON

    SEMICOLON  shift, and go to state 244


State 223

  145 load_data: LOAD DATA INFILE SSS INTO TABLE ID . SEMICOLON

    SEMICOLON  shift, and go to state 245


State 224

   38 attr_def_list: COMMA attr_def attr_def_list .

    $default  reduce using rule 38 (attr_def_list)


State 225

   36 create_table: CREATE TABLE ID LBRACE attr_def attr_def_list RBRACE SEMICOLON .

    $default  reduce using rule 36 (create_table)


State 226

   44 number: NUMBER .

    $default  reduce using rule 44 (number)


State 227

   39 attr_def: ID_get type LBRACE number . RBRACE opt_null

    RBRACE  shift, and go to state 246


State 228

   42 opt_null: NOT NULL_T .

    $default  reduce using rule 42 (opt_null)


State 229

   32 Column_list: COMMA . Column_def Column_list

    ID  shift, and go to state 196

    $default  reduce using rule 33 (Column_def)

    Column_def  go to state 247


State 230

   29 create_index: CREATE INDEX ID ON ID LBRACE Column_def Column_list . RBRACE SEMICOLON

    RBRACE  shift, and go to state 248


State 231

   30 create_index: CREATE UNIQUE INDEX ID ON ID LBRACE Column_def . Column_list RBRACE SEMICOLON

    COMMA  shift, and go to state 229

    $default  reduce using rule 31 (Column_list)

    Column_list  go to state 249


State 232

  110 on: ON condition . condition_list

    AND  shift, and go to state 185

    $default  reduce using rule 111 (condition_list)

    condition_list  go to state 250


State 233

   94 join_list: INNER JOIN ID on join_list .

    $default  reduce using rule 94 (join_list)


State 234

  133 group_attr: ID .
  134           | ID . DOT ID

    DOT  shift, and go to state 251

    $default  reduce using rule 133 (group_attr)


State 235

  130 group_by: GROUP BY group_list .
  132 group_list: group_list . COMMA group_attr

    COMMA  shift, and go to state 252

    $default  reduce using rule 130 (group_by)


State 236

  131 group_list: group_attr .

    $default  reduce using rule 131 (group_list)


State 237

  136 order_by: ORDER BY . sort_list

    ID  shift, and go to state 253

    sort_list  go to state 254
    sort_attr  go to state 255


State 238

   62 select: SELECT select_attr from_rel join_list where group_by order_by SEMICOLON .

    $default  reduce using rule 62 (select)


State 239

   55 value_list: COMMA value . value_list

    COMMA  shift, and go to state 209

    $default  reduce using rule 54 (value_list)

    value_list  go to state 256


State 240

   52 multi_values: LBRACE value value_list RBRACE .

    $default  reduce using rule 52 (multi_values)


State 241

   53 multi_values: multi_values COMMA LBRACE value . value_list RBRACE

    COMMA  shift, and go to state 209

    $default  reduce using rule 54 (value_list)

    value_list  go to state 257


State 242

  128 sub_select: LBRACE SELECT select_attr from_rel . where group_by RBRACE

    WHERE  shift, and go to state 126

    $default  reduce using rule 107 (where)

    where  go to state 258


State 243

  112 condition_list: AND condition condition_list .

    $default  reduce using rule 112 (condition_list)


State 244

   61 update: UPDATE ID SET ID EQ value where SEMICOLON .

    $default  reduce using rule 61 (update)


State 245

  145 load_data: LOAD DATA INFILE SSS INTO TABLE ID SEMICOLON .

    $default  reduce using rule 145 (load_data)


State 246

   39 attr_def: ID_get type LBRACE number RBRACE . opt_null

    NULLABLE  shift, and go to state 193
    NOT       shift, and go to state 194

    $default  reduce using rule 41 (opt_null)

    opt_null  go to state 259


State 247

   32 Column_list: COMMA Column_def . Column_list

    COMMA  shift, and go to state 229

    $default  reduce using rule 31 (Column_list)

    Column_list  go to state 260


State 248

   29 create_index: CREATE INDEX ID ON ID LBRACE Column_def Column_list RBRACE . SEMICOLON

    SEMICOLON  shift, and go to state 261


State 249

   30 create_index: CREATE UNIQUE INDEX ID ON ID LBRACE Column_def Column_list . RBRACE SEMICOLON

    RBRACE  shift, and go to state 262


State 250

  110 on: ON condition condition_list .

    $default  reduce using rule 110 (on)


State 251

  134 group_attr: ID DOT . ID

    ID  shift, and go to state 263


State 252

  132 group_list: group_list COMMA . group_attr

    ID  shift, and go to state 234

    group_attr  go to state 264


State 253

  139 sort_attr: ID . opt_asc
  140          | ID . DESC
  141          | ID . DOT ID opt_asc
  142          | ID . DOT ID DESC

    DESC  shift, and go to state 265
    ASC   shift, and go to state 266
    DOT   shift, and go to state 267

    $default  reduce using rule 143 (opt_asc)

    opt_asc  go to state 268


State 254

  136 order_by: ORDER BY sort_list .
  138 sort_list: sort_list . COMMA sort_attr

    COMMA  shift, and go to state 269

    $default  reduce using rule 136 (order_by)


State 255

  137 sort_list: sort_attr .

    $default  reduce using rule 137 (sort_list)


State 256

   55 value_list: COMMA value value_list .

    $default  reduce using rule 55 (value_list)


State 257

   53 multi_values: multi_values COMMA LBRACE value value_list . RBRACE

    RBRACE  shift, and go to state 270


State 258

  128 sub_select: LBRACE SELECT select_attr from_rel where . group_by RBRACE

    GROUP  shift, and go to state 169

    $default  reduce using rule 129 (group_by)

    group_by  go to state 271


State 259

   39 attr_def: ID_get type LBRACE number RBRACE opt_null .

    $default  reduce using rule 39 (attr_def)


State 260

   32 Column_list: COMMA Column_def Column_list .

    $default  reduce using rule 32 (Column_list)


State 261

   29 create_index: CREATE INDEX ID ON ID LBRACE Column_def Column_list RBRACE SEMICOLON .

    $default  reduce using rule 29 (create_index)


State 262

   30 create_index: CREATE UNIQUE INDEX ID ON ID LBRACE Column_def Column_list RBRACE . SEMICOLON

    SEMICOLON  shift, and go to state 272


State 263

  134 group_attr: ID DOT ID .

    $default  reduce using rule 134 (group_attr)


State 264

  132 group_list: group_list COMMA group_attr .

    $default  reduce using rule 132 (group_list)


State 265

  140 sort_attr: ID DESC .

    $default  reduce using rule 140 (sort_attr)


State 266

  144 opt_asc: ASC .

    $default  reduce using rule 144 (opt_asc)


State 267

  141 sort_attr: ID DOT . ID opt_asc
  142          | ID DOT . ID DESC

    ID  shift, and go to state 273


State 268

  139 sort_attr: ID opt_asc .

    $default  reduce using rule 139 (sort_attr)


State 269

  138 sort_list: sort_list COMMA . sort_attr

    ID  shift, and go to state 253

    sort_attr  go to state 274


State 270

   53 multi_values: multi_values COMMA LBRACE value value_list RBRACE .

    $default  reduce using rule 53 (multi_values)


State 271

  128 sub_select: LBRACE SELECT select_attr from_rel where group_by . RBRACE

    RBRACE  shift, and go to state 275


State 272

   30 create_index: CREATE UNIQUE INDEX ID ON ID LBRACE Column_def Column_list RBRACE SEMICOLON .

    $default  reduce using rule 30 (create_index)


State 273

  141 sort_attr: ID DOT ID . opt_asc
  142          | ID DOT ID . DESC

    DESC  shift, and go to state 276
    ASC   shift, and go to state 266

    $default  reduce using rule 143 (opt_asc)

    opt_asc  go to state 277


State 274

  138 sort_list: sort_list COMMA sort_attr .

    $default  reduce using rule 138 (sort_list)


State 275

  128 sub_select: LBRACE SELECT select_attr from_rel where group_by RBRACE .

    $default  reduce using rule 128 (sub_select)


State 276

  142 sort_attr: ID DOT ID DESC .

    $default  reduce using rule 142 (sort_attr)


State 277

  141 sort_attr: ID DOT ID opt_asc .

    $default  reduce using rule 141 (sort_attr)
